<?xml version="1.0" encoding="UTF-8"?>
<!-- Generated by org.testng.reporters.JUnitReportReporter -->
<testsuite hostname="FVFHXBFFQ6LR" failures="0" tests="1" name="Test.TC1" time="0.007" errors="0" timestamp="2023-05-11T09:48:40 IST" skipped="0">
  <testcase classname="Test.TC1" name="TC1_M1" time="0.007"/>
  <system-out/>
</testsuite> <!-- Test.TC1 -->
