<?xml version="1.0" encoding="UTF-8"?>
<!-- Generated by org.testng.reporters.JUnitReportReporter -->
<testsuite hostname="FVFHXBFFQ6LR" failures="0" tests="1" name="pblqustion2.Qustion3" time="53.787" errors="0" timestamp="2023-05-11T16:01:25 IST" skipped="0">
  <testcase classname="pblqustion2.Qustion3" name="tc" time="53.787"/>
  <system-out/>
</testsuite> <!-- pblqustion2.Qustion3 -->
